1595249239944	mozrunner::runner	INFO	Running command: "/Applications/Firefox.app/Contents/MacOS/firefox-bin" "-marionette" "-foreground" "-no-remote" "-profile" "/var/folders/kk/kbgqpj057pl2zf56qtvlqbm00000gn/T/rust_mozprofileUnAZDT"
1595249242929	addons.webextension.screenshots@mozilla.org	WARN	Loading extension 'screenshots@mozilla.org': Reading manifest: Invalid extension permission: mozillaAddons
1595249242929	addons.webextension.screenshots@mozilla.org	WARN	Loading extension 'screenshots@mozilla.org': Reading manifest: Invalid extension permission: telemetry
1595249242929	addons.webextension.screenshots@mozilla.org	WARN	Loading extension 'screenshots@mozilla.org': Reading manifest: Invalid extension permission: resource://pdf.js/
1595249242929	addons.webextension.screenshots@mozilla.org	WARN	Loading extension 'screenshots@mozilla.org': Reading manifest: Invalid extension permission: about:reader*
1595249245650	Marionette	INFO	Listening on port 58377
1595249245671	Marionette	WARN	TLS certificate errors will be ignored for this session
JavaScript error: https://bestbuycanada.my.salesforce.com/embeddedservice/5.0/frame/broadcast.esw.min.js, line 20: SecurityError: The operation is insecure.
JavaScript error: https://bestbuycanada.my.salesforce.com/embeddedservice/5.0/frame/session.esw.min.js, line 10: SecurityError: The operation is insecure.
JavaScript error: https://bestbuycanada.my.salesforce.com/embeddedservice/5.0/frame/chasitor.esw.min.js, line 14: TypeError: b.broadcastAPI is undefined
1595249307171	mozrunner::runner	INFO	Running command: "/Applications/Firefox.app/Contents/MacOS/firefox-bin" "-marionette" "-foreground" "-no-remote" "-profile" "/var/folders/kk/kbgqpj057pl2zf56qtvlqbm00000gn/T/rust_mozprofileI1f7ae"
1595249307709	addons.webextension.screenshots@mozilla.org	WARN	Loading extension 'screenshots@mozilla.org': Reading manifest: Invalid extension permission: mozillaAddons
1595249307709	addons.webextension.screenshots@mozilla.org	WARN	Loading extension 'screenshots@mozilla.org': Reading manifest: Invalid extension permission: telemetry
1595249307709	addons.webextension.screenshots@mozilla.org	WARN	Loading extension 'screenshots@mozilla.org': Reading manifest: Invalid extension permission: resource://pdf.js/
1595249307709	addons.webextension.screenshots@mozilla.org	WARN	Loading extension 'screenshots@mozilla.org': Reading manifest: Invalid extension permission: about:reader*
1595249309350	Marionette	INFO	Listening on port 58596
1595249309411	Marionette	WARN	TLS certificate errors will be ignored for this session
1595249312163	Marionette	INFO	Stopped listening on port 58377
1595249318073	Marionette	WARN	TimedPromise timed out after 500 ms: stacktrace:
bail@chrome://marionette/content/sync.js:237:64
JavaScript error: https://bestbuycanada.my.salesforce.com/embeddedservice/5.0/frame/broadcast.esw.min.js, line 20: SecurityError: The operation is insecure.
JavaScript error: https://bestbuycanada.my.salesforce.com/embeddedservice/5.0/frame/session.esw.min.js, line 10: SecurityError: The operation is insecure.
JavaScript error: https://bestbuycanada.my.salesforce.com/embeddedservice/5.0/frame/chasitor.esw.min.js, line 14: TypeError: b.broadcastAPI is undefined
1595249426576	mozrunner::runner	INFO	Running command: "/Applications/Firefox.app/Contents/MacOS/firefox-bin" "-marionette" "-foreground" "-no-remote" "-profile" "/var/folders/kk/kbgqpj057pl2zf56qtvlqbm00000gn/T/rust_mozprofilehGivyK"
1595249427089	addons.webextension.screenshots@mozilla.org	WARN	Loading extension 'screenshots@mozilla.org': Reading manifest: Invalid extension permission: mozillaAddons
1595249427089	addons.webextension.screenshots@mozilla.org	WARN	Loading extension 'screenshots@mozilla.org': Reading manifest: Invalid extension permission: telemetry
1595249427089	addons.webextension.screenshots@mozilla.org	WARN	Loading extension 'screenshots@mozilla.org': Reading manifest: Invalid extension permission: resource://pdf.js/
1595249427089	addons.webextension.screenshots@mozilla.org	WARN	Loading extension 'screenshots@mozilla.org': Reading manifest: Invalid extension permission: about:reader*
1595249428866	Marionette	INFO	Listening on port 58759
1595249428930	Marionette	WARN	TLS certificate errors will be ignored for this session
JavaScript error: https://bestbuycanada.my.salesforce.com/embeddedservice/5.0/frame/broadcast.esw.min.js, line 20: SecurityError: The operation is insecure.
JavaScript error: https://bestbuycanada.my.salesforce.com/embeddedservice/5.0/frame/session.esw.min.js, line 10: SecurityError: The operation is insecure.
JavaScript error: https://bestbuycanada.my.salesforce.com/embeddedservice/5.0/frame/chasitor.esw.min.js, line 14: TypeError: b.broadcastAPI is undefined
1595249573320	Marionette	INFO	Stopped listening on port 58596
[Parent 7839, Gecko_IOThread] WARNING: pipe error: Broken pipe: file /builds/worker/workspace/build/src/ipc/chromium/src/chrome/common/ipc_channel_posix.cc, line 728
[Child 7841, Chrome_ChildThread] WARNING: pipe error: Broken pipe: file /builds/worker/workspace/build/src/ipc/chromium/src/chrome/common/ipc_channel_posix.cc, line 728

###!!! [Child][MessageChannel] Error: (msgtype=0x670029,name=PNecko::Msg_RemoveRequestContext) Channel closing: too late to send/recv, messages will be lost


###!!! [Child][MessageChannel] Error: (msgtype=0x37011E,name=PContent::Msg_ScriptError) Channel closing: too late to send/recv, messages will be lost

1595249575770	Marionette	INFO	Stopped listening on port 58759
1595249579907	mozrunner::runner	INFO	Running command: "/Applications/Firefox.app/Contents/MacOS/firefox-bin" "-marionette" "-foreground" "-no-remote" "-profile" "/var/folders/kk/kbgqpj057pl2zf56qtvlqbm00000gn/T/rust_mozprofileWCY7X6"
1595249580428	addons.webextension.screenshots@mozilla.org	WARN	Loading extension 'screenshots@mozilla.org': Reading manifest: Invalid extension permission: mozillaAddons
1595249580428	addons.webextension.screenshots@mozilla.org	WARN	Loading extension 'screenshots@mozilla.org': Reading manifest: Invalid extension permission: telemetry
1595249580428	addons.webextension.screenshots@mozilla.org	WARN	Loading extension 'screenshots@mozilla.org': Reading manifest: Invalid extension permission: resource://pdf.js/
1595249580428	addons.webextension.screenshots@mozilla.org	WARN	Loading extension 'screenshots@mozilla.org': Reading manifest: Invalid extension permission: about:reader*
1595249582442	Marionette	INFO	Listening on port 58919
1595249582456	Marionette	WARN	TLS certificate errors will be ignored for this session
JavaScript error: https://bestbuycanada.my.salesforce.com/embeddedservice/5.0/frame/broadcast.esw.min.js, line 20: SecurityError: The operation is insecure.
JavaScript error: https://bestbuycanada.my.salesforce.com/embeddedservice/5.0/frame/session.esw.min.js, line 10: SecurityError: The operation is insecure.
JavaScript error: https://bestbuycanada.my.salesforce.com/embeddedservice/5.0/frame/chasitor.esw.min.js, line 14: TypeError: b.broadcastAPI is undefined
[Parent 14130, Gecko_IOThread] WARNING: pipe error: Broken pipe: file /builds/worker/workspace/build/src/ipc/chromium/src/chrome/common/ipc_channel_posix.cc, line 728
1595249807356	Marionette	INFO	Stopped listening on port 58919
1595249812322	mozrunner::runner	INFO	Running command: "/Applications/Firefox.app/Contents/MacOS/firefox-bin" "-marionette" "-foreground" "-no-remote" "-profile" "/var/folders/kk/kbgqpj057pl2zf56qtvlqbm00000gn/T/rust_mozprofileMpb0PA"
1595249812759	addons.webextension.screenshots@mozilla.org	WARN	Loading extension 'screenshots@mozilla.org': Reading manifest: Invalid extension permission: mozillaAddons
1595249812759	addons.webextension.screenshots@mozilla.org	WARN	Loading extension 'screenshots@mozilla.org': Reading manifest: Invalid extension permission: telemetry
1595249812759	addons.webextension.screenshots@mozilla.org	WARN	Loading extension 'screenshots@mozilla.org': Reading manifest: Invalid extension permission: resource://pdf.js/
1595249812759	addons.webextension.screenshots@mozilla.org	WARN	Loading extension 'screenshots@mozilla.org': Reading manifest: Invalid extension permission: about:reader*
1595249814316	Marionette	INFO	Listening on port 59110
1595249814365	Marionette	WARN	TLS certificate errors will be ignored for this session
1595249822855	Marionette	INFO	Stopped listening on port 59110
1595249825089	mozrunner::runner	INFO	Running command: "/Applications/Firefox.app/Contents/MacOS/firefox-bin" "-marionette" "-foreground" "-no-remote" "-profile" "/var/folders/kk/kbgqpj057pl2zf56qtvlqbm00000gn/T/rust_mozprofilepri9Dm"
1595249825545	addons.webextension.screenshots@mozilla.org	WARN	Loading extension 'screenshots@mozilla.org': Reading manifest: Invalid extension permission: mozillaAddons
1595249825545	addons.webextension.screenshots@mozilla.org	WARN	Loading extension 'screenshots@mozilla.org': Reading manifest: Invalid extension permission: telemetry
1595249825545	addons.webextension.screenshots@mozilla.org	WARN	Loading extension 'screenshots@mozilla.org': Reading manifest: Invalid extension permission: resource://pdf.js/
1595249825545	addons.webextension.screenshots@mozilla.org	WARN	Loading extension 'screenshots@mozilla.org': Reading manifest: Invalid extension permission: about:reader*
1595249827089	Marionette	INFO	Listening on port 59167
1595249827153	Marionette	WARN	TLS certificate errors will be ignored for this session
JavaScript error: https://bestbuycanada.my.salesforce.com/embeddedservice/5.0/frame/broadcast.esw.min.js, line 20: SecurityError: The operation is insecure.
JavaScript error: https://bestbuycanada.my.salesforce.com/embeddedservice/5.0/frame/session.esw.min.js, line 10: SecurityError: The operation is insecure.
JavaScript error: https://bestbuycanada.my.salesforce.com/embeddedservice/5.0/frame/chasitor.esw.min.js, line 14: TypeError: b.broadcastAPI is undefined
1595249937715	mozrunner::runner	INFO	Running command: "/Applications/Firefox.app/Contents/MacOS/firefox-bin" "-marionette" "-foreground" "-no-remote" "-profile" "/var/folders/kk/kbgqpj057pl2zf56qtvlqbm00000gn/T/rust_mozprofileI3tK2J"
1595249938298	addons.webextension.screenshots@mozilla.org	WARN	Loading extension 'screenshots@mozilla.org': Reading manifest: Invalid extension permission: mozillaAddons
1595249938298	addons.webextension.screenshots@mozilla.org	WARN	Loading extension 'screenshots@mozilla.org': Reading manifest: Invalid extension permission: telemetry
1595249938298	addons.webextension.screenshots@mozilla.org	WARN	Loading extension 'screenshots@mozilla.org': Reading manifest: Invalid extension permission: resource://pdf.js/
1595249938298	addons.webextension.screenshots@mozilla.org	WARN	Loading extension 'screenshots@mozilla.org': Reading manifest: Invalid extension permission: about:reader*
1595249940181	Marionette	INFO	Listening on port 59311
1595249940268	Marionette	WARN	TLS certificate errors will be ignored for this session
1595249952631	Marionette	INFO	Stopped listening on port 59167
JavaScript error: https://bestbuycanada.my.salesforce.com/embeddedservice/5.0/frame/broadcast.esw.min.js, line 20: SecurityError: The operation is insecure.
JavaScript error: https://bestbuycanada.my.salesforce.com/embeddedservice/5.0/frame/session.esw.min.js, line 10: SecurityError: The operation is insecure.
JavaScript error: https://bestbuycanada.my.salesforce.com/embeddedservice/5.0/frame/chasitor.esw.min.js, line 14: TypeError: b.broadcastAPI is undefined
1595253567692	mozrunner::runner	INFO	Running command: "/Applications/Firefox.app/Contents/MacOS/firefox-bin" "-marionette" "-foreground" "-no-remote" "-profile" "/var/folders/kk/kbgqpj057pl2zf56qtvlqbm00000gn/T/rust_mozprofileBREoWG"
1595253568484	addons.webextension.screenshots@mozilla.org	WARN	Loading extension 'screenshots@mozilla.org': Reading manifest: Invalid extension permission: mozillaAddons
1595253568484	addons.webextension.screenshots@mozilla.org	WARN	Loading extension 'screenshots@mozilla.org': Reading manifest: Invalid extension permission: telemetry
1595253568484	addons.webextension.screenshots@mozilla.org	WARN	Loading extension 'screenshots@mozilla.org': Reading manifest: Invalid extension permission: resource://pdf.js/
1595253568484	addons.webextension.screenshots@mozilla.org	WARN	Loading extension 'screenshots@mozilla.org': Reading manifest: Invalid extension permission: about:reader*
1595253570492	Marionette	INFO	Listening on port 59640
1595253570548	Marionette	WARN	TLS certificate errors will be ignored for this session
JavaScript error: https://bestbuycanada.my.salesforce.com/embeddedservice/5.0/frame/broadcast.esw.min.js, line 20: SecurityError: The operation is insecure.
JavaScript error: https://bestbuycanada.my.salesforce.com/embeddedservice/5.0/frame/session.esw.min.js, line 10: SecurityError: The operation is insecure.
JavaScript error: https://bestbuycanada.my.salesforce.com/embeddedservice/5.0/frame/chasitor.esw.min.js, line 14: TypeError: b.broadcastAPI is undefined
1595253578988	Marionette	WARN	TimedPromise timed out after 500 ms: stacktrace:
bail@chrome://marionette/content/sync.js:237:64
[Parent 28216, Gecko_IOThread] WARNING: pipe error: Broken pipe: file /builds/worker/workspace/build/src/ipc/chromium/src/chrome/common/ipc_channel_posix.cc, line 728
[Parent 28216, Gecko_IOThread] WARNING: pipe error: Broken pipe: file /builds/worker/workspace/build/src/ipc/chromium/src/chrome/common/ipc_channel_posix.cc, line 728
1595253596572	Marionette	INFO	Stopped listening on port 59311
1595253599296	mozrunner::runner	INFO	Running command: "/Applications/Firefox.app/Contents/MacOS/firefox-bin" "-marionette" "-foreground" "-no-remote" "-profile" "/var/folders/kk/kbgqpj057pl2zf56qtvlqbm00000gn/T/rust_mozprofileACLT6G"
1595253599824	addons.webextension.screenshots@mozilla.org	WARN	Loading extension 'screenshots@mozilla.org': Reading manifest: Invalid extension permission: mozillaAddons
1595253599825	addons.webextension.screenshots@mozilla.org	WARN	Loading extension 'screenshots@mozilla.org': Reading manifest: Invalid extension permission: telemetry
1595253599825	addons.webextension.screenshots@mozilla.org	WARN	Loading extension 'screenshots@mozilla.org': Reading manifest: Invalid extension permission: resource://pdf.js/
1595253599825	addons.webextension.screenshots@mozilla.org	WARN	Loading extension 'screenshots@mozilla.org': Reading manifest: Invalid extension permission: about:reader*
1595253601451	Marionette	INFO	Listening on port 59771
1595253601546	Marionette	WARN	TLS certificate errors will be ignored for this session
JavaScript error: https://bestbuycanada.my.salesforce.com/embeddedservice/5.0/frame/broadcast.esw.min.js, line 20: SecurityError: The operation is insecure.
JavaScript error: https://bestbuycanada.my.salesforce.com/embeddedservice/5.0/frame/session.esw.min.js, line 10: SecurityError: The operation is insecure.
JavaScript error: https://bestbuycanada.my.salesforce.com/embeddedservice/5.0/frame/chasitor.esw.min.js, line 14: TypeError: b.broadcastAPI is undefined
1595253814513	Marionette	INFO	Stopped listening on port 59771
1595253816707	mozrunner::runner	INFO	Running command: "/Applications/Firefox.app/Contents/MacOS/firefox-bin" "-marionette" "-foreground" "-no-remote" "-profile" "/var/folders/kk/kbgqpj057pl2zf56qtvlqbm00000gn/T/rust_mozprofilexhTdWp"
1595253817341	addons.webextension.screenshots@mozilla.org	WARN	Loading extension 'screenshots@mozilla.org': Reading manifest: Invalid extension permission: mozillaAddons
1595253817341	addons.webextension.screenshots@mozilla.org	WARN	Loading extension 'screenshots@mozilla.org': Reading manifest: Invalid extension permission: telemetry
1595253817341	addons.webextension.screenshots@mozilla.org	WARN	Loading extension 'screenshots@mozilla.org': Reading manifest: Invalid extension permission: resource://pdf.js/
1595253817341	addons.webextension.screenshots@mozilla.org	WARN	Loading extension 'screenshots@mozilla.org': Reading manifest: Invalid extension permission: about:reader*
1595253819389	Marionette	INFO	Listening on port 59947
1595253819467	Marionette	WARN	TLS certificate errors will be ignored for this session
JavaScript error: https://bestbuycanada.my.salesforce.com/embeddedservice/5.0/frame/broadcast.esw.min.js, line 20: SecurityError: The operation is insecure.
JavaScript error: https://bestbuycanada.my.salesforce.com/embeddedservice/5.0/frame/session.esw.min.js, line 10: SecurityError: The operation is insecure.
JavaScript error: https://bestbuycanada.my.salesforce.com/embeddedservice/5.0/frame/chasitor.esw.min.js, line 14: TypeError: b.broadcastAPI is undefined
1595254130188	mozrunner::runner	INFO	Running command: "/Applications/Firefox.app/Contents/MacOS/firefox-bin" "-marionette" "-foreground" "-no-remote" "-profile" "/var/folders/kk/kbgqpj057pl2zf56qtvlqbm00000gn/T/rust_mozprofile5Q1kQM"
1595254130694	addons.webextension.screenshots@mozilla.org	WARN	Loading extension 'screenshots@mozilla.org': Reading manifest: Invalid extension permission: mozillaAddons
1595254130695	addons.webextension.screenshots@mozilla.org	WARN	Loading extension 'screenshots@mozilla.org': Reading manifest: Invalid extension permission: telemetry
1595254130695	addons.webextension.screenshots@mozilla.org	WARN	Loading extension 'screenshots@mozilla.org': Reading manifest: Invalid extension permission: resource://pdf.js/
1595254130695	addons.webextension.screenshots@mozilla.org	WARN	Loading extension 'screenshots@mozilla.org': Reading manifest: Invalid extension permission: about:reader*
1595254132525	Marionette	INFO	Listening on port 60150
1595254132550	Marionette	WARN	TLS certificate errors will be ignored for this session
JavaScript error: https://bestbuycanada.my.salesforce.com/embeddedservice/5.0/frame/broadcast.esw.min.js, line 20: SecurityError: The operation is insecure.
JavaScript error: https://bestbuycanada.my.salesforce.com/embeddedservice/5.0/frame/session.esw.min.js, line 10: SecurityError: The operation is insecure.
JavaScript error: https://bestbuycanada.my.salesforce.com/embeddedservice/5.0/frame/chasitor.esw.min.js, line 14: TypeError: b.broadcastAPI is undefined
1595254139928	Marionette	WARN	TimedPromise timed out after 500 ms: stacktrace:
bail@chrome://marionette/content/sync.js:237:64
1595254158142	Marionette	WARN	TimedPromise timed out after 500 ms: stacktrace:
bail@chrome://marionette/content/sync.js:237:64
1595254164290	Marionette	WARN	TimedPromise timed out after 500 ms: stacktrace:
bail@chrome://marionette/content/sync.js:237:64
1595254182594	Marionette	WARN	TimedPromise timed out after 500 ms: stacktrace:
bail@chrome://marionette/content/sync.js:237:64
1595254188882	Marionette	WARN	TimedPromise timed out after 500 ms: stacktrace:
bail@chrome://marionette/content/sync.js:237:64
1595254205939	Marionette	WARN	TimedPromise timed out after 500 ms: stacktrace:
bail@chrome://marionette/content/sync.js:237:64
1595254390557	Marionette	INFO	Stopped listening on port 60150
1595254393087	Marionette	INFO	Stopped listening on port 59947
1595254396896	mozrunner::runner	INFO	Running command: "/Applications/Firefox.app/Contents/MacOS/firefox-bin" "-marionette" "-foreground" "-no-remote" "-profile" "/var/folders/kk/kbgqpj057pl2zf56qtvlqbm00000gn/T/rust_mozprofileIhHc4h"
1595254397935	addons.webextension.screenshots@mozilla.org	WARN	Loading extension 'screenshots@mozilla.org': Reading manifest: Invalid extension permission: mozillaAddons
1595254397935	addons.webextension.screenshots@mozilla.org	WARN	Loading extension 'screenshots@mozilla.org': Reading manifest: Invalid extension permission: telemetry
1595254397936	addons.webextension.screenshots@mozilla.org	WARN	Loading extension 'screenshots@mozilla.org': Reading manifest: Invalid extension permission: resource://pdf.js/
1595254397936	addons.webextension.screenshots@mozilla.org	WARN	Loading extension 'screenshots@mozilla.org': Reading manifest: Invalid extension permission: about:reader*
1595254399720	Marionette	INFO	Listening on port 60332
1595254399755	Marionette	WARN	TLS certificate errors will be ignored for this session
JavaScript error: https://bestbuycanada.my.salesforce.com/embeddedservice/5.0/frame/broadcast.esw.min.js, line 20: SecurityError: The operation is insecure.
JavaScript error: https://bestbuycanada.my.salesforce.com/embeddedservice/5.0/frame/session.esw.min.js, line 10: SecurityError: The operation is insecure.
JavaScript error: https://bestbuycanada.my.salesforce.com/embeddedservice/5.0/frame/chasitor.esw.min.js, line 14: TypeError: b.broadcastAPI is undefined
1595254408584	Marionette	WARN	TimedPromise timed out after 500 ms: stacktrace:
bail@chrome://marionette/content/sync.js:237:64
1595254420530	Marionette	WARN	TimedPromise timed out after 500 ms: stacktrace:
bail@chrome://marionette/content/sync.js:237:64
1595254426558	Marionette	WARN	TimedPromise timed out after 500 ms: stacktrace:
bail@chrome://marionette/content/sync.js:237:64
1595254432823	Marionette	WARN	TimedPromise timed out after 500 ms: stacktrace:
bail@chrome://marionette/content/sync.js:237:64
1595254439257	Marionette	WARN	TimedPromise timed out after 500 ms: stacktrace:
bail@chrome://marionette/content/sync.js:237:64
1595254456944	Marionette	WARN	TimedPromise timed out after 500 ms: stacktrace:
bail@chrome://marionette/content/sync.js:237:64
1595254523377	mozrunner::runner	INFO	Running command: "/Applications/Firefox.app/Contents/MacOS/firefox-bin" "-marionette" "-foreground" "-no-remote" "-profile" "/var/folders/kk/kbgqpj057pl2zf56qtvlqbm00000gn/T/rust_mozprofile5R0SwE"
1595254523853	addons.webextension.screenshots@mozilla.org	WARN	Loading extension 'screenshots@mozilla.org': Reading manifest: Invalid extension permission: mozillaAddons
1595254523853	addons.webextension.screenshots@mozilla.org	WARN	Loading extension 'screenshots@mozilla.org': Reading manifest: Invalid extension permission: telemetry
1595254523853	addons.webextension.screenshots@mozilla.org	WARN	Loading extension 'screenshots@mozilla.org': Reading manifest: Invalid extension permission: resource://pdf.js/
1595254523853	addons.webextension.screenshots@mozilla.org	WARN	Loading extension 'screenshots@mozilla.org': Reading manifest: Invalid extension permission: about:reader*
1595254525623	Marionette	INFO	Listening on port 60487
1595254525649	Marionette	WARN	TLS certificate errors will be ignored for this session
1595254527299	Marionette	INFO	Stopped listening on port 60332
JavaScript error: https://bestbuycanada.my.salesforce.com/embeddedservice/5.0/frame/broadcast.esw.min.js, line 20: SecurityError: The operation is insecure.
JavaScript error: https://bestbuycanada.my.salesforce.com/embeddedservice/5.0/frame/session.esw.min.js, line 10: SecurityError: The operation is insecure.
JavaScript error: https://bestbuycanada.my.salesforce.com/embeddedservice/5.0/frame/chasitor.esw.min.js, line 14: TypeError: b.broadcastAPI is undefined
1595254532886	Marionette	WARN	TimedPromise timed out after 500 ms: stacktrace:
bail@chrome://marionette/content/sync.js:237:64
1595254745351	Marionette	INFO	Stopped listening on port 60487
1595254749061	mozrunner::runner	INFO	Running command: "/Applications/Firefox.app/Contents/MacOS/firefox-bin" "-marionette" "-foreground" "-no-remote" "-profile" "/var/folders/kk/kbgqpj057pl2zf56qtvlqbm00000gn/T/rust_mozprofile3iqXGM"
1595254749642	addons.webextension.screenshots@mozilla.org	WARN	Loading extension 'screenshots@mozilla.org': Reading manifest: Invalid extension permission: mozillaAddons
1595254749642	addons.webextension.screenshots@mozilla.org	WARN	Loading extension 'screenshots@mozilla.org': Reading manifest: Invalid extension permission: telemetry
1595254749642	addons.webextension.screenshots@mozilla.org	WARN	Loading extension 'screenshots@mozilla.org': Reading manifest: Invalid extension permission: resource://pdf.js/
1595254749642	addons.webextension.screenshots@mozilla.org	WARN	Loading extension 'screenshots@mozilla.org': Reading manifest: Invalid extension permission: about:reader*
1595254751821	Marionette	INFO	Listening on port 60638
1595254751836	Marionette	WARN	TLS certificate errors will be ignored for this session
JavaScript error: https://bestbuycanada.my.salesforce.com/embeddedservice/5.0/frame/broadcast.esw.min.js, line 20: SecurityError: The operation is insecure.
JavaScript error: https://bestbuycanada.my.salesforce.com/embeddedservice/5.0/frame/session.esw.min.js, line 10: SecurityError: The operation is insecure.
JavaScript error: https://bestbuycanada.my.salesforce.com/embeddedservice/5.0/frame/chasitor.esw.min.js, line 14: TypeError: b.broadcastAPI is undefined
1595254761754	Marionette	WARN	TimedPromise timed out after 500 ms: stacktrace:
bail@chrome://marionette/content/sync.js:237:64
[Parent 83256, Gecko_IOThread] WARNING: pipe error: Broken pipe: file /builds/worker/workspace/build/src/ipc/chromium/src/chrome/common/ipc_channel_posix.cc, line 728

###!!! [Child][MessageChannel] Error: (msgtype=0x670029,name=PNecko::Msg_RemoveRequestContext) Channel closing: too late to send/recv, messages will be lost


###!!! [Child][RunMessage] Error: Channel closing: too late to send/recv, messages will be lost


###!!! [Child][RunMessage] Error: Channel closing: too late to send/recv, messages will be lost


###!!! [Child][RunMessage] Error: Channel closing: too late to send/recv, messages will be lost


###!!! [Child][RunMessage] Error: Channel closing: too late to send/recv, messages will be lost


###!!! [Child][RunMessage] Error: Channel closing: too late to send/recv, messages will be lost


###!!! [Child][RunMessage] Error: Channel closing: too late to send/recv, messages will be lost

1595255428366	Marionette	INFO	Stopped listening on port 60638
1595255430036	mozrunner::runner	INFO	Running command: "/Applications/Firefox.app/Contents/MacOS/firefox-bin" "-marionette" "-foreground" "-no-remote" "-profile" "/var/folders/kk/kbgqpj057pl2zf56qtvlqbm00000gn/T/rust_mozprofileFS1kjA"
1595255430980	addons.webextension.screenshots@mozilla.org	WARN	Loading extension 'screenshots@mozilla.org': Reading manifest: Invalid extension permission: mozillaAddons
1595255430981	addons.webextension.screenshots@mozilla.org	WARN	Loading extension 'screenshots@mozilla.org': Reading manifest: Invalid extension permission: telemetry
1595255430981	addons.webextension.screenshots@mozilla.org	WARN	Loading extension 'screenshots@mozilla.org': Reading manifest: Invalid extension permission: resource://pdf.js/
1595255430981	addons.webextension.screenshots@mozilla.org	WARN	Loading extension 'screenshots@mozilla.org': Reading manifest: Invalid extension permission: about:reader*
1595255433406	Marionette	INFO	Listening on port 60825
1595255433459	Marionette	WARN	TLS certificate errors will be ignored for this session
JavaScript error: https://bestbuycanada.my.salesforce.com/embeddedservice/5.0/frame/broadcast.esw.min.js, line 20: SecurityError: The operation is insecure.
JavaScript error: https://bestbuycanada.my.salesforce.com/embeddedservice/5.0/frame/session.esw.min.js, line 10: SecurityError: The operation is insecure.
JavaScript error: https://bestbuycanada.my.salesforce.com/embeddedservice/5.0/frame/chasitor.esw.min.js, line 14: TypeError: b.broadcastAPI is undefined
1595255443696	Marionette	WARN	TimedPromise timed out after 500 ms: stacktrace:
bail@chrome://marionette/content/sync.js:237:64
1595255456139	Marionette	WARN	TimedPromise timed out after 500 ms: stacktrace:
bail@chrome://marionette/content/sync.js:237:64
1595255478882	Marionette	WARN	TimedPromise timed out after 500 ms: stacktrace:
bail@chrome://marionette/content/sync.js:237:64
1595255490277	Marionette	WARN	TimedPromise timed out after 500 ms: stacktrace:
bail@chrome://marionette/content/sync.js:237:64
1595255507409	Marionette	WARN	TimedPromise timed out after 500 ms: stacktrace:
bail@chrome://marionette/content/sync.js:237:64
1595255590182	mozrunner::runner	INFO	Running command: "/Applications/Firefox.app/Contents/MacOS/firefox-bin" "-marionette" "-foreground" "-no-remote" "-profile" "/var/folders/kk/kbgqpj057pl2zf56qtvlqbm00000gn/T/rust_mozprofileoF0UsI"
1595255591058	addons.webextension.screenshots@mozilla.org	WARN	Loading extension 'screenshots@mozilla.org': Reading manifest: Invalid extension permission: mozillaAddons
1595255591059	addons.webextension.screenshots@mozilla.org	WARN	Loading extension 'screenshots@mozilla.org': Reading manifest: Invalid extension permission: telemetry
1595255591059	addons.webextension.screenshots@mozilla.org	WARN	Loading extension 'screenshots@mozilla.org': Reading manifest: Invalid extension permission: resource://pdf.js/
1595255591059	addons.webextension.screenshots@mozilla.org	WARN	Loading extension 'screenshots@mozilla.org': Reading manifest: Invalid extension permission: about:reader*
1595255593754	Marionette	INFO	Listening on port 60984
1595255593779	Marionette	WARN	TLS certificate errors will be ignored for this session
JavaScript error: https://bestbuycanada.my.salesforce.com/embeddedservice/5.0/frame/broadcast.esw.min.js, line 20: SecurityError: The operation is insecure.
JavaScript error: https://bestbuycanada.my.salesforce.com/embeddedservice/5.0/frame/session.esw.min.js, line 10: SecurityError: The operation is insecure.
JavaScript error: https://bestbuycanada.my.salesforce.com/embeddedservice/5.0/frame/chasitor.esw.min.js, line 14: TypeError: b.broadcastAPI is undefined
1595255604989	Marionette	WARN	TimedPromise timed out after 500 ms: stacktrace:
bail@chrome://marionette/content/sync.js:237:64
1595255617643	Marionette	WARN	TimedPromise timed out after 500 ms: stacktrace:
bail@chrome://marionette/content/sync.js:237:64
1595255634895	Marionette	WARN	TimedPromise timed out after 500 ms: stacktrace:
bail@chrome://marionette/content/sync.js:237:64
1595255652483	Marionette	WARN	TimedPromise timed out after 500 ms: stacktrace:
bail@chrome://marionette/content/sync.js:237:64
1595255664992	Marionette	WARN	TimedPromise timed out after 500 ms: stacktrace:
bail@chrome://marionette/content/sync.js:237:64
1595255670939	Marionette	WARN	TimedPromise timed out after 500 ms: stacktrace:
bail@chrome://marionette/content/sync.js:237:64
1595255781795	mozrunner::runner	INFO	Running command: "/Applications/Firefox.app/Contents/MacOS/firefox-bin" "-marionette" "-foreground" "-no-remote" "-profile" "/var/folders/kk/kbgqpj057pl2zf56qtvlqbm00000gn/T/rust_mozprofileTWPpA0"
1595255783065	addons.webextension.screenshots@mozilla.org	WARN	Loading extension 'screenshots@mozilla.org': Reading manifest: Invalid extension permission: mozillaAddons
1595255783067	addons.webextension.screenshots@mozilla.org	WARN	Loading extension 'screenshots@mozilla.org': Reading manifest: Invalid extension permission: telemetry
1595255783067	addons.webextension.screenshots@mozilla.org	WARN	Loading extension 'screenshots@mozilla.org': Reading manifest: Invalid extension permission: resource://pdf.js/
1595255783067	addons.webextension.screenshots@mozilla.org	WARN	Loading extension 'screenshots@mozilla.org': Reading manifest: Invalid extension permission: about:reader*
1595255785452	Marionette	INFO	Listening on port 61144
1595255785539	Marionette	WARN	TLS certificate errors will be ignored for this session
JavaScript error: https://bestbuycanada.my.salesforce.com/embeddedservice/5.0/frame/broadcast.esw.min.js, line 20: SecurityError: The operation is insecure.
JavaScript error: https://bestbuycanada.my.salesforce.com/embeddedservice/5.0/frame/session.esw.min.js, line 10: SecurityError: The operation is insecure.
JavaScript error: https://bestbuycanada.my.salesforce.com/embeddedservice/5.0/frame/chasitor.esw.min.js, line 14: TypeError: b.broadcastAPI is undefined
1595255794106	Marionette	WARN	TimedPromise timed out after 500 ms: stacktrace:
bail@chrome://marionette/content/sync.js:237:64
1595255817913	Marionette	WARN	TimedPromise timed out after 500 ms: stacktrace:
bail@chrome://marionette/content/sync.js:237:64
1595255824087	Marionette	WARN	TimedPromise timed out after 500 ms: stacktrace:
bail@chrome://marionette/content/sync.js:237:64
1595255830207	Marionette	WARN	TimedPromise timed out after 500 ms: stacktrace:
bail@chrome://marionette/content/sync.js:237:64
1595255836259	Marionette	WARN	TimedPromise timed out after 500 ms: stacktrace:
bail@chrome://marionette/content/sync.js:237:64
1595255842706	Marionette	WARN	TimedPromise timed out after 500 ms: stacktrace:
bail@chrome://marionette/content/sync.js:237:64
1595255859886	Marionette	WARN	TimedPromise timed out after 500 ms: stacktrace:
bail@chrome://marionette/content/sync.js:237:64
[Parent 11085, Gecko_IOThread] WARNING: pipe error: Broken pipe: file /builds/worker/workspace/build/src/ipc/chromium/src/chrome/common/ipc_channel_posix.cc, line 728
1595255894839	Marionette	INFO	Stopped listening on port 60825
1595255897540	Marionette	INFO	Stopped listening on port 60984
[Parent 25365, Gecko_IOThread] WARNING: pipe error: Broken pipe: file /builds/worker/workspace/build/src/ipc/chromium/src/chrome/common/ipc_channel_posix.cc, line 728
[Child 25368, Chrome_ChildThread] WARNING: pipe error: Broken pipe: file /builds/worker/workspace/build/src/ipc/chromium/src/chrome/common/ipc_channel_posix.cc, line 728
[Parent 25365, Gecko_IOThread] WARNING: pipe error: Broken pipe: file /builds/worker/workspace/build/src/ipc/chromium/src/chrome/common/ipc_channel_posix.cc, line 728
1595255961561	Marionette	INFO	Stopped listening on port 61144
1595255965055	mozrunner::runner	INFO	Running command: "/Applications/Firefox.app/Contents/MacOS/firefox-bin" "-marionette" "-foreground" "-no-remote" "-profile" "/var/folders/kk/kbgqpj057pl2zf56qtvlqbm00000gn/T/rust_mozprofileFXp5NI"
1595255965833	addons.webextension.screenshots@mozilla.org	WARN	Loading extension 'screenshots@mozilla.org': Reading manifest: Invalid extension permission: mozillaAddons
1595255965833	addons.webextension.screenshots@mozilla.org	WARN	Loading extension 'screenshots@mozilla.org': Reading manifest: Invalid extension permission: telemetry
1595255965833	addons.webextension.screenshots@mozilla.org	WARN	Loading extension 'screenshots@mozilla.org': Reading manifest: Invalid extension permission: resource://pdf.js/
1595255965833	addons.webextension.screenshots@mozilla.org	WARN	Loading extension 'screenshots@mozilla.org': Reading manifest: Invalid extension permission: about:reader*
1595255968588	Marionette	INFO	Listening on port 61306
1595255968662	Marionette	WARN	TLS certificate errors will be ignored for this session
JavaScript error: https://bestbuycanada.my.salesforce.com/embeddedservice/5.0/frame/broadcast.esw.min.js, line 20: SecurityError: The operation is insecure.
JavaScript error: https://bestbuycanada.my.salesforce.com/embeddedservice/5.0/frame/session.esw.min.js, line 10: SecurityError: The operation is insecure.
JavaScript error: https://bestbuycanada.my.salesforce.com/embeddedservice/5.0/frame/chasitor.esw.min.js, line 14: TypeError: b.broadcastAPI is undefined
1595255978600	Marionette	WARN	TimedPromise timed out after 500 ms: stacktrace:
bail@chrome://marionette/content/sync.js:237:64
1595255991049	Marionette	WARN	TimedPromise timed out after 500 ms: stacktrace:
bail@chrome://marionette/content/sync.js:237:64
1595255996853	Marionette	WARN	TimedPromise timed out after 500 ms: stacktrace:
bail@chrome://marionette/content/sync.js:237:64
1595256014793	Marionette	WARN	TimedPromise timed out after 500 ms: stacktrace:
bail@chrome://marionette/content/sync.js:237:64
1595256021146	Marionette	WARN	TimedPromise timed out after 500 ms: stacktrace:
bail@chrome://marionette/content/sync.js:237:64
1595256027096	Marionette	WARN	TimedPromise timed out after 500 ms: stacktrace:
bail@chrome://marionette/content/sync.js:237:64
1595256150802	mozrunner::runner	INFO	Running command: "/Applications/Firefox.app/Contents/MacOS/firefox-bin" "-marionette" "-foreground" "-no-remote" "-profile" "/var/folders/kk/kbgqpj057pl2zf56qtvlqbm00000gn/T/rust_mozprofileeewYby"
1595256151729	addons.webextension.screenshots@mozilla.org	WARN	Loading extension 'screenshots@mozilla.org': Reading manifest: Invalid extension permission: mozillaAddons
1595256151729	addons.webextension.screenshots@mozilla.org	WARN	Loading extension 'screenshots@mozilla.org': Reading manifest: Invalid extension permission: telemetry
1595256151729	addons.webextension.screenshots@mozilla.org	WARN	Loading extension 'screenshots@mozilla.org': Reading manifest: Invalid extension permission: resource://pdf.js/
1595256151729	addons.webextension.screenshots@mozilla.org	WARN	Loading extension 'screenshots@mozilla.org': Reading manifest: Invalid extension permission: about:reader*
1595256154108	Marionette	INFO	Listening on port 61466
1595256154260	Marionette	WARN	TLS certificate errors will be ignored for this session
JavaScript error: https://bestbuycanada.my.salesforce.com/embeddedservice/5.0/frame/broadcast.esw.min.js, line 20: SecurityError: The operation is insecure.
JavaScript error: https://bestbuycanada.my.salesforce.com/embeddedservice/5.0/frame/session.esw.min.js, line 10: SecurityError: The operation is insecure.
JavaScript error: https://bestbuycanada.my.salesforce.com/embeddedservice/5.0/frame/chasitor.esw.min.js, line 14: TypeError: b.broadcastAPI is undefined
1595256175827	Marionette	WARN	TimedPromise timed out after 500 ms: stacktrace:
bail@chrome://marionette/content/sync.js:237:64
1595256222030	Marionette	WARN	TimedPromise timed out after 500 ms: stacktrace:
bail@chrome://marionette/content/sync.js:237:64
1595256228327	Marionette	WARN	TimedPromise timed out after 500 ms: stacktrace:
bail@chrome://marionette/content/sync.js:237:64
1595256374989	mozrunner::runner	INFO	Running command: "/Applications/Firefox.app/Contents/MacOS/firefox-bin" "-marionette" "-foreground" "-no-remote" "-profile" "/var/folders/kk/kbgqpj057pl2zf56qtvlqbm00000gn/T/rust_mozprofilezmwHiK"
1595256376022	addons.webextension.screenshots@mozilla.org	WARN	Loading extension 'screenshots@mozilla.org': Reading manifest: Invalid extension permission: mozillaAddons
1595256376022	addons.webextension.screenshots@mozilla.org	WARN	Loading extension 'screenshots@mozilla.org': Reading manifest: Invalid extension permission: telemetry
1595256376023	addons.webextension.screenshots@mozilla.org	WARN	Loading extension 'screenshots@mozilla.org': Reading manifest: Invalid extension permission: resource://pdf.js/
1595256376023	addons.webextension.screenshots@mozilla.org	WARN	Loading extension 'screenshots@mozilla.org': Reading manifest: Invalid extension permission: about:reader*
1595256379448	Marionette	INFO	Listening on port 61643
1595256379522	Marionette	WARN	TLS certificate errors will be ignored for this session
JavaScript error: https://bestbuycanada.my.salesforce.com/embeddedservice/5.0/frame/broadcast.esw.min.js, line 20: SecurityError: The operation is insecure.
JavaScript error: https://bestbuycanada.my.salesforce.com/embeddedservice/5.0/frame/session.esw.min.js, line 10: SecurityError: The operation is insecure.
JavaScript error: https://bestbuycanada.my.salesforce.com/embeddedservice/5.0/frame/chasitor.esw.min.js, line 14: TypeError: b.broadcastAPI is undefined
1595256401773	Marionette	WARN	TimedPromise timed out after 500 ms: stacktrace:
bail@chrome://marionette/content/sync.js:237:64
1595256408001	Marionette	WARN	TimedPromise timed out after 500 ms: stacktrace:
bail@chrome://marionette/content/sync.js:237:64
1595256413917	Marionette	WARN	TimedPromise timed out after 500 ms: stacktrace:
bail@chrome://marionette/content/sync.js:237:64
1595256454900	Marionette	WARN	TimedPromise timed out after 500 ms: stacktrace:
bail@chrome://marionette/content/sync.js:237:64
1595256493293	Marionette	INFO	Stopped listening on port 61466
[Parent 32575, Gecko_IOThread] WARNING: pipe error: Broken pipe: file /builds/worker/workspace/build/src/ipc/chromium/src/chrome/common/ipc_channel_posix.cc, line 728
1595256495522	Marionette	INFO	Stopped listening on port 61306
1595256512935	mozrunner::runner	INFO	Running command: "/Applications/Firefox.app/Contents/MacOS/firefox-bin" "-marionette" "-foreground" "-no-remote" "-profile" "/var/folders/kk/kbgqpj057pl2zf56qtvlqbm00000gn/T/rust_mozprofilepLCubu"
1595256513691	addons.webextension.screenshots@mozilla.org	WARN	Loading extension 'screenshots@mozilla.org': Reading manifest: Invalid extension permission: mozillaAddons
1595256513691	addons.webextension.screenshots@mozilla.org	WARN	Loading extension 'screenshots@mozilla.org': Reading manifest: Invalid extension permission: telemetry
1595256513692	addons.webextension.screenshots@mozilla.org	WARN	Loading extension 'screenshots@mozilla.org': Reading manifest: Invalid extension permission: resource://pdf.js/
1595256513692	addons.webextension.screenshots@mozilla.org	WARN	Loading extension 'screenshots@mozilla.org': Reading manifest: Invalid extension permission: about:reader*
1595256515695	Marionette	INFO	Listening on port 61817
1595256515736	Marionette	WARN	TLS certificate errors will be ignored for this session
JavaScript error: https://bestbuycanada.my.salesforce.com/embeddedservice/5.0/frame/broadcast.esw.min.js, line 20: SecurityError: The operation is insecure.
JavaScript error: https://bestbuycanada.my.salesforce.com/embeddedservice/5.0/frame/session.esw.min.js, line 10: SecurityError: The operation is insecure.
JavaScript error: https://bestbuycanada.my.salesforce.com/embeddedservice/5.0/frame/chasitor.esw.min.js, line 14: TypeError: b.broadcastAPI is undefined
1595256524779	Marionette	WARN	TimedPromise timed out after 500 ms: stacktrace:
bail@chrome://marionette/content/sync.js:237:64
1595256537909	Marionette	WARN	TimedPromise timed out after 500 ms: stacktrace:
bail@chrome://marionette/content/sync.js:237:64
1595256544009	Marionette	WARN	TimedPromise timed out after 500 ms: stacktrace:
bail@chrome://marionette/content/sync.js:237:64
1595256549733	Marionette	WARN	TimedPromise timed out after 500 ms: stacktrace:
bail@chrome://marionette/content/sync.js:237:64
1595256555928	Marionette	WARN	TimedPromise timed out after 500 ms: stacktrace:
bail@chrome://marionette/content/sync.js:237:64
1595256561871	Marionette	WARN	TimedPromise timed out after 500 ms: stacktrace:
bail@chrome://marionette/content/sync.js:237:64
1595256567725	Marionette	WARN	TimedPromise timed out after 500 ms: stacktrace:
bail@chrome://marionette/content/sync.js:237:64
1595256579381	Marionette	WARN	TimedPromise timed out after 500 ms: stacktrace:
bail@chrome://marionette/content/sync.js:237:64
1595256585599	Marionette	WARN	TimedPromise timed out after 500 ms: stacktrace:
bail@chrome://marionette/content/sync.js:237:64
1595256591763	Marionette	WARN	TimedPromise timed out after 500 ms: stacktrace:
bail@chrome://marionette/content/sync.js:237:64
1595256708172	mozrunner::runner	INFO	Running command: "/Applications/Firefox.app/Contents/MacOS/firefox-bin" "-marionette" "-foreground" "-no-remote" "-profile" "/var/folders/kk/kbgqpj057pl2zf56qtvlqbm00000gn/T/rust_mozprofileXIL9gR"
1595256709236	addons.webextension.screenshots@mozilla.org	WARN	Loading extension 'screenshots@mozilla.org': Reading manifest: Invalid extension permission: mozillaAddons
1595256709237	addons.webextension.screenshots@mozilla.org	WARN	Loading extension 'screenshots@mozilla.org': Reading manifest: Invalid extension permission: telemetry
1595256709237	addons.webextension.screenshots@mozilla.org	WARN	Loading extension 'screenshots@mozilla.org': Reading manifest: Invalid extension permission: resource://pdf.js/
1595256709237	addons.webextension.screenshots@mozilla.org	WARN	Loading extension 'screenshots@mozilla.org': Reading manifest: Invalid extension permission: about:reader*
1595256712179	Marionette	INFO	Listening on port 61976
1595256712187	Marionette	WARN	TLS certificate errors will be ignored for this session
JavaScript error: https://bestbuycanada.my.salesforce.com/embeddedservice/5.0/frame/broadcast.esw.min.js, line 20: SecurityError: The operation is insecure.
JavaScript error: https://bestbuycanada.my.salesforce.com/embeddedservice/5.0/frame/session.esw.min.js, line 10: SecurityError: The operation is insecure.
JavaScript error: https://bestbuycanada.my.salesforce.com/embeddedservice/5.0/frame/chasitor.esw.min.js, line 14: TypeError: b.broadcastAPI is undefined
1595256720118	Marionette	WARN	TimedPromise timed out after 500 ms: stacktrace:
bail@chrome://marionette/content/sync.js:237:64
1595256733920	Marionette	WARN	TimedPromise timed out after 500 ms: stacktrace:
bail@chrome://marionette/content/sync.js:237:64
1595256751116	Marionette	WARN	TimedPromise timed out after 500 ms: stacktrace:
bail@chrome://marionette/content/sync.js:237:64
1595256774493	Marionette	WARN	TimedPromise timed out after 500 ms: stacktrace:
bail@chrome://marionette/content/sync.js:237:64
1595256786242	Marionette	WARN	TimedPromise timed out after 500 ms: stacktrace:
bail@chrome://marionette/content/sync.js:237:64
1595256925314	mozrunner::runner	INFO	Running command: "/Applications/Firefox.app/Contents/MacOS/firefox-bin" "-marionette" "-foreground" "-no-remote" "-profile" "/var/folders/kk/kbgqpj057pl2zf56qtvlqbm00000gn/T/rust_mozprofilemZlpMB"
1595256926348	addons.webextension.screenshots@mozilla.org	WARN	Loading extension 'screenshots@mozilla.org': Reading manifest: Invalid extension permission: mozillaAddons
1595256926348	addons.webextension.screenshots@mozilla.org	WARN	Loading extension 'screenshots@mozilla.org': Reading manifest: Invalid extension permission: telemetry
1595256926348	addons.webextension.screenshots@mozilla.org	WARN	Loading extension 'screenshots@mozilla.org': Reading manifest: Invalid extension permission: resource://pdf.js/
1595256926348	addons.webextension.screenshots@mozilla.org	WARN	Loading extension 'screenshots@mozilla.org': Reading manifest: Invalid extension permission: about:reader*
1595256929204	Marionette	INFO	Listening on port 62144
1595256929268	Marionette	WARN	TLS certificate errors will be ignored for this session
JavaScript error: https://bestbuycanada.my.salesforce.com/embeddedservice/5.0/frame/broadcast.esw.min.js, line 20: SecurityError: The operation is insecure.
JavaScript error: https://bestbuycanada.my.salesforce.com/embeddedservice/5.0/frame/session.esw.min.js, line 10: SecurityError: The operation is insecure.
JavaScript error: https://bestbuycanada.my.salesforce.com/embeddedservice/5.0/frame/chasitor.esw.min.js, line 14: TypeError: b.broadcastAPI is undefined
1595256938230	Marionette	WARN	TimedPromise timed out after 500 ms: stacktrace:
bail@chrome://marionette/content/sync.js:237:64
1595256951160	Marionette	WARN	TimedPromise timed out after 500 ms: stacktrace:
bail@chrome://marionette/content/sync.js:237:64
1595256974330	Marionette	WARN	TimedPromise timed out after 500 ms: stacktrace:
bail@chrome://marionette/content/sync.js:237:64
1595256980451	Marionette	WARN	TimedPromise timed out after 500 ms: stacktrace:
bail@chrome://marionette/content/sync.js:237:64
1595256987029	Marionette	WARN	TimedPromise timed out after 500 ms: stacktrace:
bail@chrome://marionette/content/sync.js:237:64
1595256992986	Marionette	WARN	TimedPromise timed out after 500 ms: stacktrace:
bail@chrome://marionette/content/sync.js:237:64
1595257004422	Marionette	WARN	TimedPromise timed out after 500 ms: stacktrace:
bail@chrome://marionette/content/sync.js:237:64
1595257140771	mozrunner::runner	INFO	Running command: "/Applications/Firefox.app/Contents/MacOS/firefox-bin" "-marionette" "-foreground" "-no-remote" "-profile" "/var/folders/kk/kbgqpj057pl2zf56qtvlqbm00000gn/T/rust_mozprofilepdk0OZ"
1595257141615	addons.webextension.screenshots@mozilla.org	WARN	Loading extension 'screenshots@mozilla.org': Reading manifest: Invalid extension permission: mozillaAddons
1595257141615	addons.webextension.screenshots@mozilla.org	WARN	Loading extension 'screenshots@mozilla.org': Reading manifest: Invalid extension permission: telemetry
1595257141615	addons.webextension.screenshots@mozilla.org	WARN	Loading extension 'screenshots@mozilla.org': Reading manifest: Invalid extension permission: resource://pdf.js/
1595257141615	addons.webextension.screenshots@mozilla.org	WARN	Loading extension 'screenshots@mozilla.org': Reading manifest: Invalid extension permission: about:reader*
1595257144988	Marionette	INFO	Listening on port 62313
1595257145011	Marionette	WARN	TLS certificate errors will be ignored for this session
JavaScript error: https://bestbuycanada.my.salesforce.com/embeddedservice/5.0/frame/broadcast.esw.min.js, line 20: SecurityError: The operation is insecure.
JavaScript error: https://bestbuycanada.my.salesforce.com/embeddedservice/5.0/frame/session.esw.min.js, line 10: SecurityError: The operation is insecure.
JavaScript error: https://bestbuycanada.my.salesforce.com/embeddedservice/5.0/frame/chasitor.esw.min.js, line 14: TypeError: b.broadcastAPI is undefined
1595257153883	Marionette	WARN	TimedPromise timed out after 500 ms: stacktrace:
bail@chrome://marionette/content/sync.js:237:64
1595257166939	Marionette	WARN	TimedPromise timed out after 500 ms: stacktrace:
bail@chrome://marionette/content/sync.js:237:64
1595257178781	Marionette	WARN	TimedPromise timed out after 500 ms: stacktrace:
bail@chrome://marionette/content/sync.js:237:64
1595257184959	Marionette	WARN	TimedPromise timed out after 500 ms: stacktrace:
bail@chrome://marionette/content/sync.js:237:64
1595257191326	Marionette	WARN	TimedPromise timed out after 500 ms: stacktrace:
bail@chrome://marionette/content/sync.js:237:64
1595257203268	Marionette	WARN	TimedPromise timed out after 500 ms: stacktrace:
bail@chrome://marionette/content/sync.js:237:64
1595257214942	Marionette	WARN	TimedPromise timed out after 500 ms: stacktrace:
bail@chrome://marionette/content/sync.js:237:64
1595257220987	Marionette	WARN	TimedPromise timed out after 500 ms: stacktrace:
bail@chrome://marionette/content/sync.js:237:64
1595257297755	mozrunner::runner	INFO	Running command: "/Applications/Firefox.app/Contents/MacOS/firefox-bin" "-marionette" "-foreground" "-no-remote" "-profile" "/var/folders/kk/kbgqpj057pl2zf56qtvlqbm00000gn/T/rust_mozprofile1rnpUw"
1595257298383	addons.webextension.screenshots@mozilla.org	WARN	Loading extension 'screenshots@mozilla.org': Reading manifest: Invalid extension permission: mozillaAddons
1595257298383	addons.webextension.screenshots@mozilla.org	WARN	Loading extension 'screenshots@mozilla.org': Reading manifest: Invalid extension permission: telemetry
1595257298384	addons.webextension.screenshots@mozilla.org	WARN	Loading extension 'screenshots@mozilla.org': Reading manifest: Invalid extension permission: resource://pdf.js/
1595257298384	addons.webextension.screenshots@mozilla.org	WARN	Loading extension 'screenshots@mozilla.org': Reading manifest: Invalid extension permission: about:reader*
1595257301463	Marionette	INFO	Listening on port 62483
1595257301474	Marionette	WARN	TLS certificate errors will be ignored for this session
JavaScript error: https://assets.adobedtm.com/launch-EN048473b7b22f4c66a2858404e3c8219d.min.js, line 6: Error: Request timed out
JavaScript error: https://bestbuycanada.my.salesforce.com/embeddedservice/5.0/frame/broadcast.esw.min.js, line 20: SecurityError: The operation is insecure.
JavaScript error: https://bestbuycanada.my.salesforce.com/embeddedservice/5.0/frame/session.esw.min.js, line 10: SecurityError: The operation is insecure.
JavaScript error: https://bestbuycanada.my.salesforce.com/embeddedservice/5.0/frame/chasitor.esw.min.js, line 14: TypeError: b.broadcastAPI is undefined
1595257328706	Marionette	WARN	TimedPromise timed out after 500 ms: stacktrace:
bail@chrome://marionette/content/sync.js:237:64
1595257346358	Marionette	WARN	TimedPromise timed out after 500 ms: stacktrace:
bail@chrome://marionette/content/sync.js:237:64
1595257375760	Marionette	WARN	TimedPromise timed out after 500 ms: stacktrace:
bail@chrome://marionette/content/sync.js:237:64
1595257382529	Marionette	WARN	TimedPromise timed out after 500 ms: stacktrace:
bail@chrome://marionette/content/sync.js:237:64
1595257394001	Marionette	INFO	Stopped listening on port 61817
[Parent 62377, Gecko_IOThread] WARNING: pipe error: Broken pipe: file /builds/worker/workspace/build/src/ipc/chromium/src/chrome/common/ipc_channel_posix.cc, line 728
1595257397122	Marionette	INFO	Stopped listening on port 61976
[Parent 71056, Gecko_IOThread] WARNING: pipe error: Broken pipe: file /builds/worker/workspace/build/src/ipc/chromium/src/chrome/common/ipc_channel_posix.cc, line 728
IPDL protocol error: Handler returned error code!

###!!! [Parent][DispatchAsyncMessage] Error: PLayerTransaction::Msg_ReleaseLayer Processing error: message was deserialized, but the handler returned false (indicating failure)

1595257402299	Marionette	INFO	Stopped listening on port 62144
1595257405333	Marionette	INFO	Stopped listening on port 62313
1595257512291	Marionette	INFO	Stopped listening on port 62483
1595257514531	mozrunner::runner	INFO	Running command: "/Applications/Firefox.app/Contents/MacOS/firefox-bin" "-marionette" "-foreground" "-no-remote" "-profile" "/var/folders/kk/kbgqpj057pl2zf56qtvlqbm00000gn/T/rust_mozprofileVzKN6V"
1595257515539	addons.webextension.screenshots@mozilla.org	WARN	Loading extension 'screenshots@mozilla.org': Reading manifest: Invalid extension permission: mozillaAddons
1595257515539	addons.webextension.screenshots@mozilla.org	WARN	Loading extension 'screenshots@mozilla.org': Reading manifest: Invalid extension permission: telemetry
1595257515545	addons.webextension.screenshots@mozilla.org	WARN	Loading extension 'screenshots@mozilla.org': Reading manifest: Invalid extension permission: resource://pdf.js/
1595257515550	addons.webextension.screenshots@mozilla.org	WARN	Loading extension 'screenshots@mozilla.org': Reading manifest: Invalid extension permission: about:reader*
1595257519422	Marionette	INFO	Listening on port 62671
1595257519453	Marionette	WARN	TLS certificate errors will be ignored for this session
JavaScript error: https://bestbuycanada.my.salesforce.com/embeddedservice/5.0/frame/broadcast.esw.min.js, line 20: SecurityError: The operation is insecure.
JavaScript error: https://bestbuycanada.my.salesforce.com/embeddedservice/5.0/frame/session.esw.min.js, line 10: SecurityError: The operation is insecure.
JavaScript error: https://bestbuycanada.my.salesforce.com/embeddedservice/5.0/frame/chasitor.esw.min.js, line 14: TypeError: b.broadcastAPI is undefined
1595257528057	Marionette	WARN	TimedPromise timed out after 500 ms: stacktrace:
bail@chrome://marionette/content/sync.js:237:64
1595257541560	Marionette	WARN	TimedPromise timed out after 500 ms: stacktrace:
bail@chrome://marionette/content/sync.js:237:64
1595257582659	Marionette	WARN	TimedPromise timed out after 500 ms: stacktrace:
bail@chrome://marionette/content/sync.js:237:64
1595257588844	Marionette	WARN	TimedPromise timed out after 500 ms: stacktrace:
bail@chrome://marionette/content/sync.js:237:64
1595257594804	Marionette	WARN	TimedPromise timed out after 500 ms: stacktrace:
bail@chrome://marionette/content/sync.js:237:64
1595257781658	mozrunner::runner	INFO	Running command: "/Applications/Firefox.app/Contents/MacOS/firefox-bin" "-marionette" "-foreground" "-no-remote" "-profile" "/var/folders/kk/kbgqpj057pl2zf56qtvlqbm00000gn/T/rust_mozprofileamKIAe"
1595257782175	addons.webextension.screenshots@mozilla.org	WARN	Loading extension 'screenshots@mozilla.org': Reading manifest: Invalid extension permission: mozillaAddons
1595257782176	addons.webextension.screenshots@mozilla.org	WARN	Loading extension 'screenshots@mozilla.org': Reading manifest: Invalid extension permission: telemetry
1595257782176	addons.webextension.screenshots@mozilla.org	WARN	Loading extension 'screenshots@mozilla.org': Reading manifest: Invalid extension permission: resource://pdf.js/
1595257782176	addons.webextension.screenshots@mozilla.org	WARN	Loading extension 'screenshots@mozilla.org': Reading manifest: Invalid extension permission: about:reader*
1595257784067	Marionette	INFO	Listening on port 62861
1595257784132	Marionette	WARN	TLS certificate errors will be ignored for this session
1595257784483	Marionette	INFO	Stopped listening on port 62671
JavaScript error: https://bestbuycanada.my.salesforce.com/embeddedservice/5.0/frame/broadcast.esw.min.js, line 20: SecurityError: The operation is insecure.
JavaScript error: https://bestbuycanada.my.salesforce.com/embeddedservice/5.0/frame/session.esw.min.js, line 10: SecurityError: The operation is insecure.
JavaScript error: https://bestbuycanada.my.salesforce.com/embeddedservice/5.0/frame/chasitor.esw.min.js, line 14: TypeError: b.broadcastAPI is undefined
1595257795773	Marionette	WARN	TimedPromise timed out after 500 ms: stacktrace:
bail@chrome://marionette/content/sync.js:237:64
1595257812579	Marionette	WARN	TimedPromise timed out after 500 ms: stacktrace:
bail@chrome://marionette/content/sync.js:237:64
1595257818701	Marionette	WARN	TimedPromise timed out after 500 ms: stacktrace:
bail@chrome://marionette/content/sync.js:237:64
1595257824438	Marionette	WARN	TimedPromise timed out after 500 ms: stacktrace:
bail@chrome://marionette/content/sync.js:237:64
1595257830384	Marionette	WARN	TimedPromise timed out after 500 ms: stacktrace:
bail@chrome://marionette/content/sync.js:237:64
1595257836205	Marionette	WARN	TimedPromise timed out after 500 ms: stacktrace:
bail@chrome://marionette/content/sync.js:237:64
1595257842210	Marionette	WARN	TimedPromise timed out after 500 ms: stacktrace:
bail@chrome://marionette/content/sync.js:237:64
1595257848355	Marionette	WARN	TimedPromise timed out after 500 ms: stacktrace:
bail@chrome://marionette/content/sync.js:237:64
1595257854712	Marionette	WARN	TimedPromise timed out after 500 ms: stacktrace:
bail@chrome://marionette/content/sync.js:237:64
1595257861011	Marionette	WARN	TimedPromise timed out after 500 ms: stacktrace:
bail@chrome://marionette/content/sync.js:237:64
1595257867450	Marionette	WARN	TimedPromise timed out after 500 ms: stacktrace:
bail@chrome://marionette/content/sync.js:237:64
1595257915063	Marionette	INFO	Stopped listening on port 62861
[Parent 5886, Gecko_IOThread] WARNING: pipe error: Broken pipe: file /builds/worker/workspace/build/src/ipc/chromium/src/chrome/common/ipc_channel_posix.cc, line 728
1595258319306	mozrunner::runner	INFO	Running command: "/Applications/Firefox.app/Contents/MacOS/firefox-bin" "-marionette" "-foreground" "-no-remote" "-profile" "/var/folders/kk/kbgqpj057pl2zf56qtvlqbm00000gn/T/rust_mozprofile6TpU2B"
1595258319921	addons.webextension.screenshots@mozilla.org	WARN	Loading extension 'screenshots@mozilla.org': Reading manifest: Invalid extension permission: mozillaAddons
1595258319921	addons.webextension.screenshots@mozilla.org	WARN	Loading extension 'screenshots@mozilla.org': Reading manifest: Invalid extension permission: telemetry
1595258319921	addons.webextension.screenshots@mozilla.org	WARN	Loading extension 'screenshots@mozilla.org': Reading manifest: Invalid extension permission: resource://pdf.js/
1595258319922	addons.webextension.screenshots@mozilla.org	WARN	Loading extension 'screenshots@mozilla.org': Reading manifest: Invalid extension permission: about:reader*
1595258322638	Marionette	INFO	Listening on port 63036
1595258322701	Marionette	WARN	TLS certificate errors will be ignored for this session
JavaScript error: https://bestbuycanada.my.salesforce.com/embeddedservice/5.0/frame/broadcast.esw.min.js, line 20: SecurityError: The operation is insecure.
JavaScript error: https://bestbuycanada.my.salesforce.com/embeddedservice/5.0/frame/session.esw.min.js, line 10: SecurityError: The operation is insecure.
JavaScript error: https://bestbuycanada.my.salesforce.com/embeddedservice/5.0/frame/chasitor.esw.min.js, line 14: TypeError: b.broadcastAPI is undefined
JavaScript error: https://assets.adobedtm.com/launch-EN048473b7b22f4c66a2858404e3c8219d.min.js, line 6: Error: Request timed out
1595258336285	Marionette	WARN	TimedPromise timed out after 500 ms: stacktrace:
bail@chrome://marionette/content/sync.js:237:64
1595258349057	Marionette	WARN	TimedPromise timed out after 500 ms: stacktrace:
bail@chrome://marionette/content/sync.js:237:64
1595258354786	Marionette	WARN	TimedPromise timed out after 500 ms: stacktrace:
bail@chrome://marionette/content/sync.js:237:64
1595258360839	Marionette	WARN	TimedPromise timed out after 500 ms: stacktrace:
bail@chrome://marionette/content/sync.js:237:64
1595258396285	Marionette	WARN	TimedPromise timed out after 500 ms: stacktrace:
bail@chrome://marionette/content/sync.js:237:64
1595258402639	Marionette	WARN	TimedPromise timed out after 500 ms: stacktrace:
bail@chrome://marionette/content/sync.js:237:64
1595258446533	Marionette	INFO	Stopped listening on port 63036
[Parent 27225, Gecko_IOThread] WARNING: pipe error: Broken pipe: file /builds/worker/workspace/build/src/ipc/chromium/src/chrome/common/ipc_channel_posix.cc, line 728
1595258725683	mozrunner::runner	INFO	Running command: "/Applications/Firefox.app/Contents/MacOS/firefox-bin" "-marionette" "-foreground" "-no-remote" "-profile" "/var/folders/kk/kbgqpj057pl2zf56qtvlqbm00000gn/T/rust_mozprofileN3Fdz5"
1595258726316	addons.webextension.screenshots@mozilla.org	WARN	Loading extension 'screenshots@mozilla.org': Reading manifest: Invalid extension permission: mozillaAddons
1595258726317	addons.webextension.screenshots@mozilla.org	WARN	Loading extension 'screenshots@mozilla.org': Reading manifest: Invalid extension permission: telemetry
1595258726317	addons.webextension.screenshots@mozilla.org	WARN	Loading extension 'screenshots@mozilla.org': Reading manifest: Invalid extension permission: resource://pdf.js/
1595258726317	addons.webextension.screenshots@mozilla.org	WARN	Loading extension 'screenshots@mozilla.org': Reading manifest: Invalid extension permission: about:reader*
1595258728849	Marionette	INFO	Listening on port 63211
1595258728879	Marionette	WARN	TLS certificate errors will be ignored for this session
JavaScript error: https://bestbuycanada.my.salesforce.com/embeddedservice/5.0/frame/broadcast.esw.min.js, line 20: SecurityError: The operation is insecure.
JavaScript error: https://bestbuycanada.my.salesforce.com/embeddedservice/5.0/frame/session.esw.min.js, line 10: SecurityError: The operation is insecure.
JavaScript error: https://bestbuycanada.my.salesforce.com/embeddedservice/5.0/frame/chasitor.esw.min.js, line 14: TypeError: b.broadcastAPI is undefined
1595258739030	Marionette	WARN	TimedPromise timed out after 500 ms: stacktrace:
bail@chrome://marionette/content/sync.js:237:64
1595258752200	Marionette	WARN	TimedPromise timed out after 500 ms: stacktrace:
bail@chrome://marionette/content/sync.js:237:64
1595258855455	mozrunner::runner	INFO	Running command: "/Applications/Firefox.app/Contents/MacOS/firefox-bin" "-marionette" "-foreground" "-no-remote" "-profile" "/var/folders/kk/kbgqpj057pl2zf56qtvlqbm00000gn/T/rust_mozprofileBhIUlh"
1595258856281	addons.webextension.screenshots@mozilla.org	WARN	Loading extension 'screenshots@mozilla.org': Reading manifest: Invalid extension permission: mozillaAddons
1595258856281	addons.webextension.screenshots@mozilla.org	WARN	Loading extension 'screenshots@mozilla.org': Reading manifest: Invalid extension permission: telemetry
1595258856281	addons.webextension.screenshots@mozilla.org	WARN	Loading extension 'screenshots@mozilla.org': Reading manifest: Invalid extension permission: resource://pdf.js/
1595258856281	addons.webextension.screenshots@mozilla.org	WARN	Loading extension 'screenshots@mozilla.org': Reading manifest: Invalid extension permission: about:reader*
1595258858273	Marionette	INFO	Listening on port 63377
1595258858360	Marionette	WARN	TLS certificate errors will be ignored for this session
1595258935583	mozrunner::runner	INFO	Running command: "/Applications/Firefox.app/Contents/MacOS/firefox-bin" "-marionette" "-foreground" "-no-remote" "-profile" "/var/folders/kk/kbgqpj057pl2zf56qtvlqbm00000gn/T/rust_mozprofile3TJ6bo"
1595258936271	addons.webextension.screenshots@mozilla.org	WARN	Loading extension 'screenshots@mozilla.org': Reading manifest: Invalid extension permission: mozillaAddons
1595258936271	addons.webextension.screenshots@mozilla.org	WARN	Loading extension 'screenshots@mozilla.org': Reading manifest: Invalid extension permission: telemetry
1595258936272	addons.webextension.screenshots@mozilla.org	WARN	Loading extension 'screenshots@mozilla.org': Reading manifest: Invalid extension permission: resource://pdf.js/
1595258936272	addons.webextension.screenshots@mozilla.org	WARN	Loading extension 'screenshots@mozilla.org': Reading manifest: Invalid extension permission: about:reader*
1595258938898	Marionette	INFO	Listening on port 63459
1595258939047	Marionette	WARN	TLS certificate errors will be ignored for this session
JavaScript error: https://bestbuycanada.my.salesforce.com/embeddedservice/5.0/frame/broadcast.esw.min.js, line 20: SecurityError: The operation is insecure.
JavaScript error: https://bestbuycanada.my.salesforce.com/embeddedservice/5.0/frame/session.esw.min.js, line 10: SecurityError: The operation is insecure.
JavaScript error: https://bestbuycanada.my.salesforce.com/embeddedservice/5.0/frame/chasitor.esw.min.js, line 14: TypeError: b.broadcastAPI is undefined
1595258964862	Marionette	WARN	TimedPromise timed out after 500 ms: stacktrace:
bail@chrome://marionette/content/sync.js:237:64
1595258977013	Marionette	WARN	TimedPromise timed out after 500 ms: stacktrace:
bail@chrome://marionette/content/sync.js:237:64
1595259005775	Marionette	WARN	TimedPromise timed out after 500 ms: stacktrace:
bail@chrome://marionette/content/sync.js:237:64
1595259017269	Marionette	WARN	TimedPromise timed out after 500 ms: stacktrace:
bail@chrome://marionette/content/sync.js:237:64
1595259022992	Marionette	WARN	TimedPromise timed out after 500 ms: stacktrace:
bail@chrome://marionette/content/sync.js:237:64
1595259028950	Marionette	WARN	TimedPromise timed out after 500 ms: stacktrace:
bail@chrome://marionette/content/sync.js:237:64
1595259088101	mozrunner::runner	INFO	Running command: "/Applications/Firefox.app/Contents/MacOS/firefox-bin" "-marionette" "-foreground" "-no-remote" "-profile" "/var/folders/kk/kbgqpj057pl2zf56qtvlqbm00000gn/T/rust_mozprofileEQ5Sbb"
1595259088790	addons.webextension.screenshots@mozilla.org	WARN	Loading extension 'screenshots@mozilla.org': Reading manifest: Invalid extension permission: mozillaAddons
1595259088790	addons.webextension.screenshots@mozilla.org	WARN	Loading extension 'screenshots@mozilla.org': Reading manifest: Invalid extension permission: telemetry
1595259088790	addons.webextension.screenshots@mozilla.org	WARN	Loading extension 'screenshots@mozilla.org': Reading manifest: Invalid extension permission: resource://pdf.js/
1595259088790	addons.webextension.screenshots@mozilla.org	WARN	Loading extension 'screenshots@mozilla.org': Reading manifest: Invalid extension permission: about:reader*
1595259090893	Marionette	INFO	Listening on port 63652
1595259090953	Marionette	WARN	TLS certificate errors will be ignored for this session
1595259114630	Marionette	WARN	TimedPromise timed out after 500 ms: stacktrace:
bail@chrome://marionette/content/sync.js:237:64
1595259214048	Marionette	INFO	Stopped listening on port 63652
1595259250138	Marionette	INFO	Stopped listening on port 63459
[Parent 48592, Gecko_IOThread] WARNING: pipe error: Broken pipe: file /builds/worker/workspace/build/src/ipc/chromium/src/chrome/common/ipc_channel_posix.cc, line 728
1595259252143	Marionette	INFO	Stopped listening on port 63377
1595259255057	mozrunner::runner	INFO	Running command: "/Applications/Firefox.app/Contents/MacOS/firefox-bin" "-marionette" "-foreground" "-no-remote" "-profile" "/var/folders/kk/kbgqpj057pl2zf56qtvlqbm00000gn/T/rust_mozprofileKRnEtG"
1595259255719	addons.webextension.screenshots@mozilla.org	WARN	Loading extension 'screenshots@mozilla.org': Reading manifest: Invalid extension permission: mozillaAddons
1595259255719	addons.webextension.screenshots@mozilla.org	WARN	Loading extension 'screenshots@mozilla.org': Reading manifest: Invalid extension permission: telemetry
1595259255719	addons.webextension.screenshots@mozilla.org	WARN	Loading extension 'screenshots@mozilla.org': Reading manifest: Invalid extension permission: resource://pdf.js/
1595259255719	addons.webextension.screenshots@mozilla.org	WARN	Loading extension 'screenshots@mozilla.org': Reading manifest: Invalid extension permission: about:reader*
1595259258858	Marionette	INFO	Listening on port 63844
1595259258942	Marionette	WARN	TLS certificate errors will be ignored for this session
JavaScript error: https://assets.adobedtm.com/launch-EN048473b7b22f4c66a2858404e3c8219d.min.js, line 6: Error: Request timed out
JavaScript error: https://bestbuycanada.my.salesforce.com/embeddedservice/5.0/frame/broadcast.esw.min.js, line 20: SecurityError: The operation is insecure.
JavaScript error: https://bestbuycanada.my.salesforce.com/embeddedservice/5.0/frame/session.esw.min.js, line 10: SecurityError: The operation is insecure.
JavaScript error: https://bestbuycanada.my.salesforce.com/embeddedservice/5.0/frame/chasitor.esw.min.js, line 14: TypeError: b.broadcastAPI is undefined
JavaScript error: resource://gre/actors/BrowserElementParent.jsm, line 314: TypeError: state is undefined
JavaScript error: resource://gre/modules/AsyncShutdown.jsm, line 551: NS_ERROR_UNEXPECTED: 
JavaScript error: resource://gre/actors/BrowserElementParent.jsm, line 314: TypeError: state is undefined
JavaScript error: resource://gre/modules/AsyncShutdown.jsm, line 551: NS_ERROR_UNEXPECTED: 
1595259286327	Marionette	INFO	Stopped listening on port 63844
1595259288922	mozrunner::runner	INFO	Running command: "/Applications/Firefox.app/Contents/MacOS/firefox-bin" "-marionette" "-foreground" "-no-remote" "-profile" "/var/folders/kk/kbgqpj057pl2zf56qtvlqbm00000gn/T/rust_mozprofilexZd9BA"
1595259289590	addons.webextension.screenshots@mozilla.org	WARN	Loading extension 'screenshots@mozilla.org': Reading manifest: Invalid extension permission: mozillaAddons
1595259289590	addons.webextension.screenshots@mozilla.org	WARN	Loading extension 'screenshots@mozilla.org': Reading manifest: Invalid extension permission: telemetry
1595259289591	addons.webextension.screenshots@mozilla.org	WARN	Loading extension 'screenshots@mozilla.org': Reading manifest: Invalid extension permission: resource://pdf.js/
1595259289591	addons.webextension.screenshots@mozilla.org	WARN	Loading extension 'screenshots@mozilla.org': Reading manifest: Invalid extension permission: about:reader*
1595259291711	Marionette	INFO	Listening on port 64026
1595259291783	Marionette	WARN	TLS certificate errors will be ignored for this session
1595259319019	Marionette	WARN	TimedPromise timed out after 500 ms: stacktrace:
bail@chrome://marionette/content/sync.js:237:64
1595259370551	mozrunner::runner	INFO	Running command: "/Applications/Firefox.app/Contents/MacOS/firefox-bin" "-marionette" "-foreground" "-no-remote" "-profile" "/var/folders/kk/kbgqpj057pl2zf56qtvlqbm00000gn/T/rust_mozprofileBirR6c"
1595259371242	addons.webextension.screenshots@mozilla.org	WARN	Loading extension 'screenshots@mozilla.org': Reading manifest: Invalid extension permission: mozillaAddons
1595259371242	addons.webextension.screenshots@mozilla.org	WARN	Loading extension 'screenshots@mozilla.org': Reading manifest: Invalid extension permission: telemetry
1595259371242	addons.webextension.screenshots@mozilla.org	WARN	Loading extension 'screenshots@mozilla.org': Reading manifest: Invalid extension permission: resource://pdf.js/
1595259371242	addons.webextension.screenshots@mozilla.org	WARN	Loading extension 'screenshots@mozilla.org': Reading manifest: Invalid extension permission: about:reader*
1595259373549	Marionette	INFO	Listening on port 64221
1595259373627	Marionette	WARN	TLS certificate errors will be ignored for this session
1595259378981	Marionette	INFO	Stopped listening on port 64026
JavaScript error: https://bestbuycanada.my.salesforce.com/embeddedservice/5.0/frame/broadcast.esw.min.js, line 20: SecurityError: The operation is insecure.
JavaScript error: https://bestbuycanada.my.salesforce.com/embeddedservice/5.0/frame/session.esw.min.js, line 10: SecurityError: The operation is insecure.
JavaScript error: https://bestbuycanada.my.salesforce.com/embeddedservice/5.0/frame/chasitor.esw.min.js, line 14: TypeError: b.broadcastAPI is undefined
1595259385950	Marionette	WARN	TimedPromise timed out after 500 ms: stacktrace:
bail@chrome://marionette/content/sync.js:237:64
1595259398388	Marionette	WARN	TimedPromise timed out after 500 ms: stacktrace:
bail@chrome://marionette/content/sync.js:237:64
1595259404407	Marionette	WARN	TimedPromise timed out after 500 ms: stacktrace:
bail@chrome://marionette/content/sync.js:237:64
1595259410394	Marionette	WARN	TimedPromise timed out after 500 ms: stacktrace:
bail@chrome://marionette/content/sync.js:237:64
1595259416397	Marionette	WARN	TimedPromise timed out after 500 ms: stacktrace:
bail@chrome://marionette/content/sync.js:237:64
1595259433918	Marionette	WARN	TimedPromise timed out after 500 ms: stacktrace:
bail@chrome://marionette/content/sync.js:237:64
1595259451216	Marionette	WARN	TimedPromise timed out after 500 ms: stacktrace:
bail@chrome://marionette/content/sync.js:237:64
IPDL protocol error: Handler returned error code!

###!!! [Parent][DispatchAsyncMessage] Error: PLayerTransaction::Msg_ReleaseLayer Processing error: message was deserialized, but the handler returned false (indicating failure)

[Parent 69344, Gecko_IOThread] WARNING: pipe error: Broken pipe: file /builds/worker/workspace/build/src/ipc/chromium/src/chrome/common/ipc_channel_posix.cc, line 728
[Parent 69344, Gecko_IOThread] WARNING: pipe error: Broken pipe: file /builds/worker/workspace/build/src/ipc/chromium/src/chrome/common/ipc_channel_posix.cc, line 728
1595261047262	Marionette	INFO	Stopped listening on port 64221
1595261051291	mozrunner::runner	INFO	Running command: "/Applications/Firefox.app/Contents/MacOS/firefox-bin" "-marionette" "-foreground" "-no-remote" "-profile" "/var/folders/kk/kbgqpj057pl2zf56qtvlqbm00000gn/T/rust_mozprofilefb0UYB"
1595261051880	addons.webextension.screenshots@mozilla.org	WARN	Loading extension 'screenshots@mozilla.org': Reading manifest: Invalid extension permission: mozillaAddons
1595261051881	addons.webextension.screenshots@mozilla.org	WARN	Loading extension 'screenshots@mozilla.org': Reading manifest: Invalid extension permission: telemetry
1595261051881	addons.webextension.screenshots@mozilla.org	WARN	Loading extension 'screenshots@mozilla.org': Reading manifest: Invalid extension permission: resource://pdf.js/
1595261051881	addons.webextension.screenshots@mozilla.org	WARN	Loading extension 'screenshots@mozilla.org': Reading manifest: Invalid extension permission: about:reader*
1595261054120	Marionette	INFO	Listening on port 64445
1595261054142	Marionette	WARN	TLS certificate errors will be ignored for this session
JavaScript error: https://bestbuycanada.my.salesforce.com/embeddedservice/5.0/frame/broadcast.esw.min.js, line 20: SecurityError: The operation is insecure.
JavaScript error: https://bestbuycanada.my.salesforce.com/embeddedservice/5.0/frame/session.esw.min.js, line 10: SecurityError: The operation is insecure.
JavaScript error: https://bestbuycanada.my.salesforce.com/embeddedservice/5.0/frame/chasitor.esw.min.js, line 14: TypeError: b.broadcastAPI is undefined
1595261074819	Marionette	WARN	TimedPromise timed out after 500 ms: stacktrace:
bail@chrome://marionette/content/sync.js:237:64
1595261088418	Marionette	WARN	TimedPromise timed out after 500 ms: stacktrace:
bail@chrome://marionette/content/sync.js:237:64
1595261105794	Marionette	WARN	TimedPromise timed out after 500 ms: stacktrace:
bail@chrome://marionette/content/sync.js:237:64
1595261135363	Marionette	WARN	TimedPromise timed out after 500 ms: stacktrace:
bail@chrome://marionette/content/sync.js:237:64
1595261320742	Marionette	INFO	Stopped listening on port 64445
1595261323256	mozrunner::runner	INFO	Running command: "/Applications/Firefox.app/Contents/MacOS/firefox-bin" "-marionette" "-foreground" "-no-remote" "-profile" "/var/folders/kk/kbgqpj057pl2zf56qtvlqbm00000gn/T/rust_mozprofileuo6dwV"
1595261323845	addons.webextension.screenshots@mozilla.org	WARN	Loading extension 'screenshots@mozilla.org': Reading manifest: Invalid extension permission: mozillaAddons
1595261323846	addons.webextension.screenshots@mozilla.org	WARN	Loading extension 'screenshots@mozilla.org': Reading manifest: Invalid extension permission: telemetry
1595261323846	addons.webextension.screenshots@mozilla.org	WARN	Loading extension 'screenshots@mozilla.org': Reading manifest: Invalid extension permission: resource://pdf.js/
1595261323846	addons.webextension.screenshots@mozilla.org	WARN	Loading extension 'screenshots@mozilla.org': Reading manifest: Invalid extension permission: about:reader*
1595261326813	Marionette	INFO	Listening on port 64649
1595261326866	Marionette	WARN	TLS certificate errors will be ignored for this session
JavaScript error: https://assets.adobedtm.com/launch-EN048473b7b22f4c66a2858404e3c8219d.min.js, line 6: Error: Request timed out
JavaScript error: https://bestbuycanada.my.salesforce.com/embeddedservice/5.0/frame/broadcast.esw.min.js, line 20: SecurityError: The operation is insecure.
JavaScript error: https://bestbuycanada.my.salesforce.com/embeddedservice/5.0/frame/session.esw.min.js, line 10: SecurityError: The operation is insecure.
JavaScript error: https://bestbuycanada.my.salesforce.com/embeddedservice/5.0/frame/chasitor.esw.min.js, line 14: TypeError: b.broadcastAPI is undefined
1595261434074	Marionette	WARN	TimedPromise timed out after 500 ms: stacktrace:
bail@chrome://marionette/content/sync.js:237:64
1595261440334	Marionette	WARN	TimedPromise timed out after 500 ms: stacktrace:
bail@chrome://marionette/content/sync.js:237:64
1595261493247	Marionette	INFO	Stopped listening on port 64649
[Parent 46483, Gecko_IOThread] WARNING: pipe error: Broken pipe: file /builds/worker/workspace/build/src/ipc/chromium/src/chrome/common/ipc_channel_posix.cc, line 728
IPDL protocol error: Handler returned error code!

###!!! [Parent][DispatchAsyncMessage] Error: PLayerTransaction::Msg_ReleaseLayer Processing error: message was deserialized, but the handler returned false (indicating failure)

1595261753247	mozrunner::runner	INFO	Running command: "/Applications/Firefox.app/Contents/MacOS/firefox-bin" "-marionette" "-foreground" "-no-remote" "-profile" "/var/folders/kk/kbgqpj057pl2zf56qtvlqbm00000gn/T/rust_mozprofileiuDzXf"
1595261754170	addons.webextension.screenshots@mozilla.org	WARN	Loading extension 'screenshots@mozilla.org': Reading manifest: Invalid extension permission: mozillaAddons
1595261754171	addons.webextension.screenshots@mozilla.org	WARN	Loading extension 'screenshots@mozilla.org': Reading manifest: Invalid extension permission: telemetry
1595261754171	addons.webextension.screenshots@mozilla.org	WARN	Loading extension 'screenshots@mozilla.org': Reading manifest: Invalid extension permission: resource://pdf.js/
1595261754171	addons.webextension.screenshots@mozilla.org	WARN	Loading extension 'screenshots@mozilla.org': Reading manifest: Invalid extension permission: about:reader*
1595261756323	Marionette	INFO	Listening on port 64911
1595261756402	Marionette	WARN	TLS certificate errors will be ignored for this session
1595261765948	Marionette	WARN	TimedPromise timed out after 500 ms: stacktrace:
bail@chrome://marionette/content/sync.js:237:64
JavaScript error: https://bestbuycanada.my.salesforce.com/embeddedservice/5.0/frame/broadcast.esw.min.js, line 20: SecurityError: The operation is insecure.
JavaScript error: https://bestbuycanada.my.salesforce.com/embeddedservice/5.0/frame/session.esw.min.js, line 10: SecurityError: The operation is insecure.
JavaScript error: https://bestbuycanada.my.salesforce.com/embeddedservice/5.0/frame/chasitor.esw.min.js, line 14: TypeError: b.broadcastAPI is undefined
1595261779492	Marionette	WARN	TimedPromise timed out after 500 ms: stacktrace:
bail@chrome://marionette/content/sync.js:237:64
1595261785352	Marionette	WARN	TimedPromise timed out after 500 ms: stacktrace:
bail@chrome://marionette/content/sync.js:237:64
1595261791077	Marionette	WARN	TimedPromise timed out after 500 ms: stacktrace:
bail@chrome://marionette/content/sync.js:237:64
1595261797408	Marionette	WARN	TimedPromise timed out after 500 ms: stacktrace:
bail@chrome://marionette/content/sync.js:237:64
1595261803129	Marionette	WARN	TimedPromise timed out after 500 ms: stacktrace:
bail@chrome://marionette/content/sync.js:237:64
1595261809370	Marionette	WARN	TimedPromise timed out after 500 ms: stacktrace:
bail@chrome://marionette/content/sync.js:237:64
1595261815240	Marionette	WARN	TimedPromise timed out after 500 ms: stacktrace:
bail@chrome://marionette/content/sync.js:237:64
1595261821226	Marionette	WARN	TimedPromise timed out after 500 ms: stacktrace:
bail@chrome://marionette/content/sync.js:237:64
1595261827341	Marionette	WARN	TimedPromise timed out after 500 ms: stacktrace:
bail@chrome://marionette/content/sync.js:237:64
1595261833071	Marionette	WARN	TimedPromise timed out after 500 ms: stacktrace:
bail@chrome://marionette/content/sync.js:237:64
1595261881773	Marionette	INFO	Stopped listening on port 64911
1595261906867	mozrunner::runner	INFO	Running command: "/Applications/Firefox.app/Contents/MacOS/firefox-bin" "-marionette" "-foreground" "-no-remote" "-profile" "/var/folders/kk/kbgqpj057pl2zf56qtvlqbm00000gn/T/rust_mozprofileH65dpZ"
1595261907356	addons.webextension.screenshots@mozilla.org	WARN	Loading extension 'screenshots@mozilla.org': Reading manifest: Invalid extension permission: mozillaAddons
1595261907356	addons.webextension.screenshots@mozilla.org	WARN	Loading extension 'screenshots@mozilla.org': Reading manifest: Invalid extension permission: telemetry
1595261907356	addons.webextension.screenshots@mozilla.org	WARN	Loading extension 'screenshots@mozilla.org': Reading manifest: Invalid extension permission: resource://pdf.js/
1595261907356	addons.webextension.screenshots@mozilla.org	WARN	Loading extension 'screenshots@mozilla.org': Reading manifest: Invalid extension permission: about:reader*
1595261908992	Marionette	INFO	Listening on port 65074
1595261909024	Marionette	WARN	TLS certificate errors will be ignored for this session
1595261921707	Marionette	WARN	TimedPromise timed out after 500 ms: stacktrace:
bail@chrome://marionette/content/sync.js:237:64
JavaScript error: https://bestbuycanada.my.salesforce.com/embeddedservice/5.0/frame/broadcast.esw.min.js, line 20: SecurityError: The operation is insecure.
JavaScript error: https://bestbuycanada.my.salesforce.com/embeddedservice/5.0/frame/session.esw.min.js, line 10: SecurityError: The operation is insecure.
JavaScript error: https://bestbuycanada.my.salesforce.com/embeddedservice/5.0/frame/chasitor.esw.min.js, line 14: TypeError: b.broadcastAPI is undefined
1595261935710	Marionette	WARN	TimedPromise timed out after 500 ms: stacktrace:
bail@chrome://marionette/content/sync.js:237:64
1595261941516	Marionette	WARN	TimedPromise timed out after 500 ms: stacktrace:
bail@chrome://marionette/content/sync.js:237:64
1595261947533	Marionette	WARN	TimedPromise timed out after 500 ms: stacktrace:
bail@chrome://marionette/content/sync.js:237:64
1595261953253	Marionette	WARN	TimedPromise timed out after 500 ms: stacktrace:
bail@chrome://marionette/content/sync.js:237:64
1595261959247	Marionette	WARN	TimedPromise timed out after 500 ms: stacktrace:
bail@chrome://marionette/content/sync.js:237:64
1595261964967	Marionette	WARN	TimedPromise timed out after 500 ms: stacktrace:
bail@chrome://marionette/content/sync.js:237:64
1595261971026	Marionette	WARN	TimedPromise timed out after 500 ms: stacktrace:
bail@chrome://marionette/content/sync.js:237:64
1595261977108	Marionette	WARN	TimedPromise timed out after 500 ms: stacktrace:
bail@chrome://marionette/content/sync.js:237:64
1595261982838	Marionette	WARN	TimedPromise timed out after 500 ms: stacktrace:
bail@chrome://marionette/content/sync.js:237:64
1595261989075	Marionette	WARN	TimedPromise timed out after 500 ms: stacktrace:
bail@chrome://marionette/content/sync.js:237:64
1595262036747	Marionette	INFO	Stopped listening on port 65074
